
Showing logs for build [32mjstrachan-environment-jstrachan-1[0m stage [32mapp-extension[0m and container [32mstep-credential-initializer-cxxs7[0m
{"level":"warn","ts":1567000612.721617,"logger":"fallback-logger","caller":"logging/config.go:69","msg":"Fetch GitHub commit ID from kodata failed: \"ref: refs/heads/master\" is not a valid GitHub commit ID"}
{"level":"info","ts":1567000612.722356,"logger":"fallback-logger","caller":"creds-init/main.go:40","msg":"Credentials initialized."}

Showing logs for build [32mjstrachan-environment-jstrachan-1[0m stage [32mapp-extension[0m and container [32mstep-working-dir-initializer-kj8gt[0m
{"level":"warn","ts":1567000613.6348522,"logger":"fallback-logger","caller":"logging/config.go:69","msg":"Fetch GitHub commit ID from kodata failed: open /var/run/ko/HEAD: no such file or directory"}
{"level":"info","ts":1567000613.637185,"logger":"fallback-logger","caller":"bash/main.go:65","msg":"Successfully executed command \"mkdir -p /workspace/source\""}

Showing logs for build [32mjstrachan-environment-jstrachan-1[0m stage [32mapp-extension[0m and container [32mstep-place-tools[0m

Showing logs for build [32mjstrachan-environment-jstrachan-1[0m stage [32mapp-extension[0m and container [32mstep-git-source-meta-jstrachan-environment-jstr-z7fwg[0m
{"level":"warn","ts":1567000617.6973755,"logger":"fallback-logger","caller":"logging/config.go:69","msg":"Fetch GitHub commit ID from kodata failed: \"ref: refs/heads/master\" is not a valid GitHub commit ID"}
{"level":"info","ts":1567000618.8129296,"logger":"fallback-logger","caller":"git/git.go:102","msg":"Successfully cloned https://github.com/*********/environment-*********-gh12-staging.git @ cd3ced2f9fcaa9fbcc3ca20cb84bbcd170fdf1ca in path /workspace/source"}

Showing logs for build [32mjstrachan-environment-jstrachan-1[0m stage [32mapp-extension[0m and container [32mstep-git-merge[0m
{"level":"info","msg":"Using SHAs from PULL_REFS=master:cd3ced2f9fcaa9fbcc3ca20cb84bbcd170fdf1ca,12:dc650acc4650cf117247466e2fce0b53e4061696","time":"2019-08-28T13:56:59Z"}
{"level":"debug","msg":"ran git fetch --unshallow origin dc650acc4650cf117247466e2fce0b53e4061696: cd3ced2f9fcaa9fbcc3ca20cb84bbcd170fdf1ca: in ","time":"2019-08-28T13:57:00Z"}
{"level":"debug","msg":"ran git checkout master in ","time":"2019-08-28T13:57:00Z"}
{"level":"debug","msg":"ran git reset --hard cd3ced2f9fcaa9fbcc3ca20cb84bbcd170fdf1ca in ","time":"2019-08-28T13:57:00Z"}
{"level":"debug","msg":"ran clean --force -d . in ","time":"2019-08-28T13:57:00Z"}
{"level":"debug","msg":"ran git merge dc650acc4650cf117247466e2fce0b53e4061696 in ","time":"2019-08-28T13:57:00Z"}
{"level":"info","msg":"Merged SHA dc650acc4650cf117247466e2fce0b53e4061696 with commit message 'chore: Promote nodey206 to version 0.0.8' into base branch master","time":"2019-08-28T13:57:00Z"}

Showing logs for build [32mjstrachan-environment-jstrachan-1[0m stage [32mapp-extension[0m and container [32mstep-merge-pull-refs[0m
{"level":"debug","msg":"ran git fetch origin dc650acc4650cf117247466e2fce0b53e4061696: cd3ced2f9fcaa9fbcc3ca20cb84bbcd170fdf1ca: in ","time":"2019-08-28T13:57:01Z"}
{"level":"debug","msg":"Unshallowed git repo in ","time":"2019-08-28T13:57:01Z"}
{"level":"debug","msg":"ran git checkout master in ","time":"2019-08-28T13:57:01Z"}
{"level":"debug","msg":"ran git reset --hard cd3ced2f9fcaa9fbcc3ca20cb84bbcd170fdf1ca in ","time":"2019-08-28T13:57:01Z"}
{"level":"debug","msg":"ran clean --force -d . in ","time":"2019-08-28T13:57:01Z"}
{"level":"debug","msg":"ran git merge dc650acc4650cf117247466e2fce0b53e4061696 in ","time":"2019-08-28T13:57:01Z"}
{"level":"info","msg":"Merged SHA dc650acc4650cf117247466e2fce0b53e4061696 with commit message 'chore: Promote nodey206 to version 0.0.8' into base branch master","time":"2019-08-28T13:57:01Z"}

Showing logs for build [32mjstrachan-environment-jstrachan-1[0m stage [32mapp-extension[0m and container [32mstep-create-effective-pipeline[0m
{"level":"info","msg":"Deleting and cloning the Jenkins X versions repo","time":"2019-08-28T13:57:02Z"}
{"level":"info","msg":"Cloning the Jenkins X versions repo https://github.com/jenkins-x/jenkins-x-versions.git with revision v1.0.34 to /builder/home/.**/jenkins-x-versions","time":"2019-08-28T13:57:02Z"}
From https://github.com/jenkins-x/jenkins-x-versions
 * tag               v1.0.34    -> FETCH_HEAD
{"level":"info","msg":"selected pack: /builder/home/.**/draft/packs/github.com/jenkins-x-buildpacks/jenkins-x-kubernetes/packs/environment","time":"2019-08-28T13:57:06Z"}
{"level":"info","msg":"Effective pipeline written to jenkins-x-promotion-build-effective.yml","time":"2019-08-28T13:57:08Z"}

Showing logs for build [32mjstrachan-environment-jstrachan-1[0m stage [32mapp-extension[0m and container [32mstep-create-tekton-crds[0m
{"level":"info","msg":"Deleting and cloning the Jenkins X versions repo","time":"2019-08-28T13:57:09Z"}
{"level":"info","msg":"Cloning the Jenkins X versions repo https://github.com/jenkins-x/jenkins-x-versions.git with revision v1.0.34 to /builder/home/.**/jenkins-x-versions","time":"2019-08-28T13:57:09Z"}
From https://github.com/jenkins-x/jenkins-x-versions
 * tag               v1.0.34    -> FETCH_HEAD
{"level":"info","msg":"PipelineActivity for *********-environment-*********-gh12-staging-PR-12-1","time":"2019-08-28T13:57:11Z"}
{"level":"info","msg":"Applying changes ","time":"2019-08-28T13:57:11Z"}
{"level":"info","msg":"upserted PipelineResource *********-environment-********* for the git repository https://github.com/*********/environment-*********-gh12-staging.git","time":"2019-08-28T13:57:11Z"}
{"level":"info","msg":"upserted Task *********-environment-*********-from-build-pack-1","time":"2019-08-28T13:57:11Z"}
{"level":"info","msg":"upserted Pipeline *********-environment-*********-1","time":"2019-08-28T13:57:11Z"}
{"level":"info","msg":"created PipelineRun *********-environment-*********-1","time":"2019-08-28T13:57:11Z"}
{"level":"info","msg":"created PipelineStructure *********-environment-*********-1","time":"2019-08-28T13:57:11Z"}

Showing logs for build [32mjstrachan-environment-jstrachan-1[0m stage [32mfrom-build-pack[0m and container [32mstep-credential-initializer-r47dj[0m
{"level":"warn","ts":1567000632.784476,"logger":"fallback-logger","caller":"logging/config.go:69","msg":"Fetch GitHub commit ID from kodata failed: \"ref: refs/heads/master\" is not a valid GitHub commit ID"}
{"level":"info","ts":1567000632.7852657,"logger":"fallback-logger","caller":"creds-init/main.go:40","msg":"Credentials initialized."}

Showing logs for build [32mjstrachan-environment-jstrachan-1[0m stage [32mfrom-build-pack[0m and container [32mstep-working-dir-initializer-kj99m[0m
{"level":"warn","ts":1567000633.329767,"logger":"fallback-logger","caller":"logging/config.go:69","msg":"Fetch GitHub commit ID from kodata failed: open /var/run/ko/HEAD: no such file or directory"}
{"level":"info","ts":1567000633.3337815,"logger":"fallback-logger","caller":"bash/main.go:65","msg":"Successfully executed command \"mkdir -p /workspace/source /workspace/source/env\""}

Showing logs for build [32mjstrachan-environment-jstrachan-1[0m stage [32mfrom-build-pack[0m and container [32mstep-place-tools[0m

Showing logs for build [32mjstrachan-environment-jstrachan-1[0m stage [32mfrom-build-pack[0m and container [32mstep-git-source-jstrachan-environment-jstrachan-69xxt[0m
{"level":"warn","ts":1567000638.330177,"logger":"fallback-logger","caller":"logging/config.go:69","msg":"Fetch GitHub commit ID from kodata failed: \"ref: refs/heads/master\" is not a valid GitHub commit ID"}
{"level":"info","ts":1567000639.4044616,"logger":"fallback-logger","caller":"git/git.go:102","msg":"Successfully cloned https://github.com/*********/environment-*********-gh12-staging.git @ master in path /workspace/source"}

Showing logs for build [32mjstrachan-environment-jstrachan-1[0m stage [32mfrom-build-pack[0m and container [32mstep-git-merge[0m
WARNING: no SHAs to merge, falling back to initial cloned commit

Showing logs for build [32mjstrachan-environment-jstrachan-1[0m stage [32mfrom-build-pack[0m and container [32mstep-build-helm-build[0m
WARNING: No $CHART_REPOSITORY defined so using the default value of: http://jenkins-x-chartmuseum:8080
Adding missing Helm repo: storage.googleapis.com https://storage.googleapis.com/chartmuseum.jenkins-x.io
Successfully added Helm repository storage.googleapis.com.
Adding missing Helm repo: jenkins-x-chartmuseum http://jenkins-x-chartmuseum:8080
Successfully added Helm repository jenkins-x-chartmuseum.
WARNING: No $CHART_REPOSITORY defined so using the default value of: http://jenkins-x-chartmuseum:8080
Adding missing Helm repo: chartmuseum.jenkins-x.io http://chartmuseum.jenkins-x.io
Successfully added Helm repository chartmuseum.jenkins-x.io.
