
Showing logs for build [32mmeta-jstrachan-environment-jstr-kl9wd-5[0m stage [32mapp-extension[0m and container [32mstep-credential-initializer-rjbkb[0m
{"level":"warn","ts":1567003702.1332903,"logger":"fallback-logger","caller":"logging/config.go:69","msg":"Fetch GitHub commit ID from kodata failed: \"ref: refs/heads/master\" is not a valid GitHub commit ID"}
{"level":"info","ts":1567003702.1351225,"logger":"fallback-logger","caller":"creds-init/main.go:40","msg":"Credentials initialized."}

Showing logs for build [32mmeta-jstrachan-environment-jstr-kl9wd-5[0m stage [32mapp-extension[0m and container [32mstep-working-dir-initializer-zmrx5[0m
{"level":"warn","ts":1567003703.2337306,"logger":"fallback-logger","caller":"logging/config.go:69","msg":"Fetch GitHub commit ID from kodata failed: open /var/run/ko/HEAD: no such file or directory"}
{"level":"info","ts":1567003703.235266,"logger":"fallback-logger","caller":"bash/main.go:65","msg":"Successfully executed command \"mkdir -p /workspace/source\""}

Showing logs for build [32mmeta-jstrachan-environment-jstr-kl9wd-5[0m stage [32mapp-extension[0m and container [32mstep-place-tools[0m

Showing logs for build [32mmeta-jstrachan-environment-jstr-kl9wd-5[0m stage [32mapp-extension[0m and container [32mstep-git-source-meta-jstrachan-environment-jstr-pb269[0m
{"level":"warn","ts":1567003708.3187485,"logger":"fallback-logger","caller":"logging/config.go:69","msg":"Fetch GitHub commit ID from kodata failed: \"ref: refs/heads/master\" is not a valid GitHub commit ID"}
{"level":"info","ts":1567003709.4164848,"logger":"fallback-logger","caller":"git/git.go:102","msg":"Successfully cloned https://github.com/*********/environment-*********-gh12-staging.git @ master in path /workspace/source"}

Showing logs for build [32mmeta-jstrachan-environment-jstr-kl9wd-5[0m stage [32mapp-extension[0m and container [32mstep-git-merge[0m
{"level":"info","msg":"Using SHAs from PULL_REFS=master:","time":"2019-08-28T14:48:29Z"}
{"level":"warning","msg":"no SHAs to merge, falling back to initial cloned commit","time":"2019-08-28T14:48:29Z"}

Showing logs for build [32mmeta-jstrachan-environment-jstr-kl9wd-5[0m stage [32mapp-extension[0m and container [32mstep-merge-pull-refs[0m
SKIP merge-pull-refs: Nothing to merge

Showing logs for build [32mmeta-jstrachan-environment-jstr-kl9wd-5[0m stage [32mapp-extension[0m and container [32mstep-create-effective-pipeline[0m
{"level":"info","msg":"Deleting and cloning the Jenkins X versions repo","time":"2019-08-28T14:48:30Z"}
{"level":"info","msg":"Cloning the Jenkins X versions repo https://github.com/jenkins-x/jenkins-x-versions.git with revision v1.0.34 to /builder/home/.**/jenkins-x-versions","time":"2019-08-28T14:48:30Z"}
From https://github.com/jenkins-x/jenkins-x-versions
 * tag               v1.0.34    -> FETCH_HEAD
{"level":"info","msg":"selected pack: /builder/home/.**/draft/packs/github.com/jenkins-x-buildpacks/jenkins-x-kubernetes/packs/environment","time":"2019-08-28T14:48:33Z"}
{"level":"info","msg":"Effective pipeline written to jenkins-x-effective.yml","time":"2019-08-28T14:48:35Z"}

Showing logs for build [32mmeta-jstrachan-environment-jstr-kl9wd-5[0m stage [32mapp-extension[0m and container [32mstep-create-tekton-crds[0m
{"level":"info","msg":"Deleting and cloning the Jenkins X versions repo","time":"2019-08-28T14:48:36Z"}
{"level":"info","msg":"Cloning the Jenkins X versions repo https://github.com/jenkins-x/jenkins-x-versions.git with revision v1.0.34 to /builder/home/.**/jenkins-x-versions","time":"2019-08-28T14:48:36Z"}
From https://github.com/jenkins-x/jenkins-x-versions
 * tag               v1.0.34    -> FETCH_HEAD
{"level":"info","msg":"running command: ** step next-version --use-git-tag-only --tag","time":"2019-08-28T14:48:39Z"}
{"level":"info","msg":"created new version: 0.0.12 and written to file: ./VERSION","time":"2019-08-28T14:48:40Z"}
{"level":"info","msg":"Tag v0.0.12 created and pushed to remote origin","time":"2019-08-28T14:48:43Z"}
{"level":"info","msg":"","time":"2019-08-28T14:48:43Z"}
{"level":"info","msg":"PipelineActivity for *********-environment-*********-gh12-staging-master-5","time":"2019-08-28T14:48:43Z"}
{"level":"info","msg":"Applying changes ","time":"2019-08-28T14:48:43Z"}
{"level":"info","msg":"upserted PipelineResource *********-environment-********* for the git repository https://github.com/*********/environment-*********-gh12-staging.git","time":"2019-08-28T14:48:43Z"}
{"level":"info","msg":"upserted Task *********-environment-*********-vmp22-from-build-pack-5","time":"2019-08-28T14:48:43Z"}
{"level":"info","msg":"upserted Pipeline *********-environment-*********-vmp22-5","time":"2019-08-28T14:48:43Z"}
{"level":"info","msg":"created PipelineRun *********-environment-*********-vmp22-5","time":"2019-08-28T14:48:43Z"}
{"level":"info","msg":"created PipelineStructure *********-environment-*********-vmp22-5","time":"2019-08-28T14:48:43Z"}

Showing logs for build [32mmeta-jstrachan-environment-jstr-kl9wd-5[0m stage [32mfrom-build-pack[0m and container [32mstep-credential-initializer-p9th4[0m
{"level":"warn","ts":1567003724.735283,"logger":"fallback-logger","caller":"logging/config.go:69","msg":"Fetch GitHub commit ID from kodata failed: \"ref: refs/heads/master\" is not a valid GitHub commit ID"}
{"level":"info","ts":1567003724.7358134,"logger":"fallback-logger","caller":"creds-init/main.go:40","msg":"Credentials initialized."}

Showing logs for build [32mmeta-jstrachan-environment-jstr-kl9wd-5[0m stage [32mfrom-build-pack[0m and container [32mstep-working-dir-initializer-hdsnw[0m
{"level":"warn","ts":1567003725.6836264,"logger":"fallback-logger","caller":"logging/config.go:69","msg":"Fetch GitHub commit ID from kodata failed: open /var/run/ko/HEAD: no such file or directory"}
{"level":"info","ts":1567003725.6854506,"logger":"fallback-logger","caller":"bash/main.go:65","msg":"Successfully executed command \"mkdir -p /workspace/source /workspace/source/env\""}

Showing logs for build [32mmeta-jstrachan-environment-jstr-kl9wd-5[0m stage [32mfrom-build-pack[0m and container [32mstep-place-tools[0m

Showing logs for build [32mmeta-jstrachan-environment-jstr-kl9wd-5[0m stage [32mfrom-build-pack[0m and container [32mstep-git-source-jstrachan-environment-jstrachan-m9knr[0m
{"level":"warn","ts":1567003730.7660754,"logger":"fallback-logger","caller":"logging/config.go:69","msg":"Fetch GitHub commit ID from kodata failed: \"ref: refs/heads/master\" is not a valid GitHub commit ID"}
{"level":"info","ts":1567003731.9243648,"logger":"fallback-logger","caller":"git/git.go:102","msg":"Successfully cloned https://github.com/*********/environment-*********-gh12-staging.git @ v0.0.12 in path /workspace/source"}

Showing logs for build [32mmeta-jstrachan-environment-jstr-kl9wd-5[0m stage [32mfrom-build-pack[0m and container [32mstep-git-merge[0m
WARNING: no SHAs to merge, falling back to initial cloned commit

Showing logs for build [32mmeta-jstrachan-environment-jstr-kl9wd-5[0m stage [32mfrom-build-pack[0m and container [32mstep-setup-jx-git-credentials[0m
Generated Git credentials file /builder/home/git/credentials

Showing logs for build [32mmeta-jstrachan-environment-jstr-kl9wd-5[0m stage [32mfrom-build-pack[0m and container [32mstep-build-helm-apply[0m
Modified file /workspace/source/env/Chart.yaml to set the chart to version 5
Copying the helm source directory /workspace/source/env to a temporary location for building and applying /tmp/**-helm-apply-819561970/env
Applying helm chart at /tmp/**-helm-apply-819561970/env as release name ** to namespace **-staging
WARNING: failed to create system vault in namespace ** due to no "**-vault-*********-gh1" vault found in namespace "**"
verifying the helm requirements versions in dir: . using version stream URL:  and git ref: 
Deleting and cloning the Jenkins X versions repo
Cloning the Jenkins X versions repo https://github.com/jenkins-x/jenkins-x-versions.git with revision v1.0.34 to /builder/home/.**/jenkins-x-versions
From https://github.com/jenkins-x/jenkins-x-versions
 * tag               v1.0.34    -> FETCH_HEAD
Ignoring templates/.gitignore
Wrote chart values.yaml /tmp/**-helm-apply-819561970/env/values.yaml generated from directory tree
generated helm /tmp/**-helm-apply-819561970/env/values.yaml

PipelineSecrets: {}
cleanup:
  Annotations:
    helm.sh/hook: pre-delete
    helm.sh/hook-delete-policy: hook-succeeded
  Args:
  - --cleanup
expose:
  Annotations:
    helm.sh/hook: post-install,post-upgrade
    helm.sh/hook-delete-policy: hook-succeeded
  Args:
  - --v
  - 4
  config:
    domain: 34.77.64.148.nip.io
    exposer: Ingress
    http: "true"
jenkins:
  Servers:
    Global: {}
prow: {}

Using values files: /tmp/**-helm-apply-819561970/env/values.yaml
WARNING: No $CHART_REPOSITORY defined so using the default value of: http://jenkins-x-chartmuseum:8080
Adding missing Helm repo: storage.googleapis.com https://storage.googleapis.com/chartmuseum.jenkins-x.io
Successfully added Helm repository storage.googleapis.com.
Adding missing Helm repo: jenkins-x-chartmuseum http://jenkins-x-chartmuseum:8080
Successfully added Helm repository jenkins-x-chartmuseum.
WARNING: No $CHART_REPOSITORY defined so using the default value of: http://jenkins-x-chartmuseum:8080
Adding missing Helm repo: chartmuseum.jenkins-x.io http://chartmuseum.jenkins-x.io
Successfully added Helm repository chartmuseum.jenkins-x.io.
Applying Apps chart overrides
Applying chart overrides
Deleting and cloning the Jenkins X versions repo
Cloning the Jenkins X versions repo https://github.com/jenkins-x/jenkins-x-versions.git with revision v1.0.34 to /builder/home/.**/jenkins-x-versions
From https://github.com/jenkins-x/jenkins-x-versions
 * tag               v1.0.34    -> FETCH_HEAD


release.jenkins.io "nodey206-0.0.4" deleted
release.jenkins.io "nodey206-0.0.8" deleted
