
Showing logs for build [32mjstrachan-environment-jstrachan-1[0m stage [32mapp-extension[0m and container [32mstep-credential-initializer-dnhtw[0m
{"level":"warn","ts":1567004144.9026968,"logger":"fallback-logger","caller":"logging/config.go:69","msg":"Fetch GitHub commit ID from kodata failed: \"ref: refs/heads/master\" is not a valid GitHub commit ID"}
{"level":"info","ts":1567004144.9034305,"logger":"fallback-logger","caller":"creds-init/main.go:40","msg":"Credentials initialized."}

Showing logs for build [32mjstrachan-environment-jstrachan-1[0m stage [32mapp-extension[0m and container [32mstep-working-dir-initializer-plxst[0m
{"level":"warn","ts":1567004146.1530828,"logger":"fallback-logger","caller":"logging/config.go:69","msg":"Fetch GitHub commit ID from kodata failed: open /var/run/ko/HEAD: no such file or directory"}
{"level":"info","ts":1567004146.1551228,"logger":"fallback-logger","caller":"bash/main.go:65","msg":"Successfully executed command \"mkdir -p /workspace/source\""}

Showing logs for build [32mjstrachan-environment-jstrachan-1[0m stage [32mapp-extension[0m and container [32mstep-place-tools[0m

Showing logs for build [32mjstrachan-environment-jstrachan-1[0m stage [32mapp-extension[0m and container [32mstep-git-source-meta-jstrachan-environment-jstr-98f67[0m
{"level":"warn","ts":1567004152.1758184,"logger":"fallback-logger","caller":"logging/config.go:69","msg":"Fetch GitHub commit ID from kodata failed: \"ref: refs/heads/master\" is not a valid GitHub commit ID"}
{"level":"info","ts":1567004153.3158977,"logger":"fallback-logger","caller":"git/git.go:102","msg":"Successfully cloned https://github.com/*********/environment-*********-gh12-staging.git @ 51b23804a5885b2e9b7930e42cbf551b9d62e90d in path /workspace/source"}

Showing logs for build [32mjstrachan-environment-jstrachan-1[0m stage [32mapp-extension[0m and container [32mstep-git-merge[0m
{"level":"info","msg":"Using SHAs from PULL_REFS=master:51b23804a5885b2e9b7930e42cbf551b9d62e90d,20:7e8f441684da2d7fbb8e41199cb9c572ae250744","time":"2019-08-28T14:55:53Z"}
{"level":"debug","msg":"ran git fetch --unshallow origin 7e8f441684da2d7fbb8e41199cb9c572ae250744: 51b23804a5885b2e9b7930e42cbf551b9d62e90d: in ","time":"2019-08-28T14:55:54Z"}
{"level":"debug","msg":"ran git checkout master in ","time":"2019-08-28T14:55:54Z"}
{"level":"debug","msg":"ran git reset --hard 51b23804a5885b2e9b7930e42cbf551b9d62e90d in ","time":"2019-08-28T14:55:54Z"}
{"level":"debug","msg":"ran clean --force -d . in ","time":"2019-08-28T14:55:54Z"}
{"level":"debug","msg":"ran git merge 7e8f441684da2d7fbb8e41199cb9c572ae250744 in ","time":"2019-08-28T14:55:54Z"}
{"level":"info","msg":"Merged SHA 7e8f441684da2d7fbb8e41199cb9c572ae250744 with commit message 'chore: Promote nodey206 to version 0.0.16' into base branch master","time":"2019-08-28T14:55:54Z"}

Showing logs for build [32mjstrachan-environment-jstrachan-1[0m stage [32mapp-extension[0m and container [32mstep-merge-pull-refs[0m
{"level":"debug","msg":"ran git fetch origin 7e8f441684da2d7fbb8e41199cb9c572ae250744: 51b23804a5885b2e9b7930e42cbf551b9d62e90d: in ","time":"2019-08-28T14:55:55Z"}
{"level":"debug","msg":"Unshallowed git repo in ","time":"2019-08-28T14:55:55Z"}
{"level":"debug","msg":"ran git checkout master in ","time":"2019-08-28T14:55:55Z"}
{"level":"debug","msg":"ran git reset --hard 51b23804a5885b2e9b7930e42cbf551b9d62e90d in ","time":"2019-08-28T14:55:55Z"}
{"level":"debug","msg":"ran clean --force -d . in ","time":"2019-08-28T14:55:55Z"}
{"level":"debug","msg":"ran git merge 7e8f441684da2d7fbb8e41199cb9c572ae250744 in ","time":"2019-08-28T14:55:55Z"}
{"level":"info","msg":"Merged SHA 7e8f441684da2d7fbb8e41199cb9c572ae250744 with commit message 'chore: Promote nodey206 to version 0.0.16' into base branch master","time":"2019-08-28T14:55:55Z"}

Showing logs for build [32mjstrachan-environment-jstrachan-1[0m stage [32mapp-extension[0m and container [32mstep-create-effective-pipeline[0m
{"level":"info","msg":"Deleting and cloning the Jenkins X versions repo","time":"2019-08-28T14:55:56Z"}
{"level":"info","msg":"Cloning the Jenkins X versions repo https://github.com/jenkins-x/jenkins-x-versions.git with revision v1.0.34 to /builder/home/.**/jenkins-x-versions","time":"2019-08-28T14:55:56Z"}
From https://github.com/jenkins-x/jenkins-x-versions
 * tag               v1.0.34    -> FETCH_HEAD
{"level":"info","msg":"selected pack: /builder/home/.**/draft/packs/github.com/jenkins-x-buildpacks/jenkins-x-kubernetes/packs/environment","time":"2019-08-28T14:56:00Z"}
{"level":"info","msg":"Effective pipeline written to jenkins-x-promotion-build-effective.yml","time":"2019-08-28T14:56:02Z"}

Showing logs for build [32mjstrachan-environment-jstrachan-1[0m stage [32mapp-extension[0m and container [32mstep-create-tekton-crds[0m
{"level":"info","msg":"Deleting and cloning the Jenkins X versions repo","time":"2019-08-28T14:56:03Z"}
{"level":"info","msg":"Cloning the Jenkins X versions repo https://github.com/jenkins-x/jenkins-x-versions.git with revision v1.0.34 to /builder/home/.**/jenkins-x-versions","time":"2019-08-28T14:56:03Z"}
From https://github.com/jenkins-x/jenkins-x-versions
 * tag               v1.0.34    -> FETCH_HEAD
{"level":"info","msg":"PipelineActivity for *********-environment-*********-gh12-staging-PR-20-1","time":"2019-08-28T14:56:06Z"}
{"level":"info","msg":"Applying changes ","time":"2019-08-28T14:56:06Z"}
{"level":"info","msg":"upserted PipelineResource *********-environment-********* for the git repository https://github.com/*********/environment-*********-gh12-staging.git","time":"2019-08-28T14:56:06Z"}
{"level":"info","msg":"upserted Task *********-environment-*********-from-build-pack-1","time":"2019-08-28T14:56:06Z"}
{"level":"info","msg":"upserted Pipeline *********-environment-*********-1","time":"2019-08-28T14:56:06Z"}
{"level":"info","msg":"created PipelineRun *********-environment-*********-1","time":"2019-08-28T14:56:06Z"}
{"level":"info","msg":"created PipelineStructure *********-environment-*********-1","time":"2019-08-28T14:56:06Z"}

Showing logs for build [32mjstrachan-environment-jstrachan-1[0m stage [32mfrom-build-pack[0m and container [32mstep-credential-initializer-pwm8d[0m
{"level":"warn","ts":1567004167.32737,"logger":"fallback-logger","caller":"logging/config.go:69","msg":"Fetch GitHub commit ID from kodata failed: \"ref: refs/heads/master\" is not a valid GitHub commit ID"}
{"level":"info","ts":1567004167.331041,"logger":"fallback-logger","caller":"creds-init/main.go:40","msg":"Credentials initialized."}

Showing logs for build [32mjstrachan-environment-jstrachan-1[0m stage [32mfrom-build-pack[0m and container [32mstep-working-dir-initializer-2snkn[0m
{"level":"warn","ts":1567004168.133938,"logger":"fallback-logger","caller":"logging/config.go:69","msg":"Fetch GitHub commit ID from kodata failed: open /var/run/ko/HEAD: no such file or directory"}
{"level":"info","ts":1567004168.1352463,"logger":"fallback-logger","caller":"bash/main.go:65","msg":"Successfully executed command \"mkdir -p /workspace/source /workspace/source/env\""}

Showing logs for build [32mjstrachan-environment-jstrachan-1[0m stage [32mfrom-build-pack[0m and container [32mstep-place-tools[0m

Showing logs for build [32mjstrachan-environment-jstrachan-1[0m stage [32mfrom-build-pack[0m and container [32mstep-git-source-jstrachan-environment-jstrachan-82lsd[0m
{"level":"warn","ts":1567004173.205384,"logger":"fallback-logger","caller":"logging/config.go:69","msg":"Fetch GitHub commit ID from kodata failed: \"ref: refs/heads/master\" is not a valid GitHub commit ID"}
{"level":"info","ts":1567004174.3542562,"logger":"fallback-logger","caller":"git/git.go:102","msg":"Successfully cloned https://github.com/*********/environment-*********-gh12-staging.git @ master in path /workspace/source"}

Showing logs for build [32mjstrachan-environment-jstrachan-1[0m stage [32mfrom-build-pack[0m and container [32mstep-git-merge[0m
WARNING: no SHAs to merge, falling back to initial cloned commit

Showing logs for build [32mjstrachan-environment-jstrachan-1[0m stage [32mfrom-build-pack[0m and container [32mstep-build-helm-build[0m
WARNING: No $CHART_REPOSITORY defined so using the default value of: http://jenkins-x-chartmuseum:8080
Adding missing Helm repo: storage.googleapis.com https://storage.googleapis.com/chartmuseum.jenkins-x.io
Successfully added Helm repository storage.googleapis.com.
Adding missing Helm repo: jenkins-x-chartmuseum http://jenkins-x-chartmuseum:8080
Successfully added Helm repository jenkins-x-chartmuseum.
WARNING: No $CHART_REPOSITORY defined so using the default value of: http://jenkins-x-chartmuseum:8080
Adding missing Helm repo: chartmuseum.jenkins-x.io http://chartmuseum.jenkins-x.io
Successfully added Helm repository chartmuseum.jenkins-x.io.
