
Showing logs for build [32mjstrachan-environment-jstrachan-1[0m stage [32mapp-extension[0m and container [32mstep-credential-initializer-b5jkd[0m
{"level":"warn","ts":1566998867.3724403,"logger":"fallback-logger","caller":"logging/config.go:69","msg":"Fetch GitHub commit ID from kodata failed: \"ref: refs/heads/master\" is not a valid GitHub commit ID"}
{"level":"info","ts":1566998867.3729103,"logger":"fallback-logger","caller":"creds-init/main.go:40","msg":"Credentials initialized."}

Showing logs for build [32mjstrachan-environment-jstrachan-1[0m stage [32mapp-extension[0m and container [32mstep-working-dir-initializer-wpgjd[0m
{"level":"warn","ts":1566998868.5999658,"logger":"fallback-logger","caller":"logging/config.go:69","msg":"Fetch GitHub commit ID from kodata failed: open /var/run/ko/HEAD: no such file or directory"}
{"level":"info","ts":1566998868.6013281,"logger":"fallback-logger","caller":"bash/main.go:65","msg":"Successfully executed command \"mkdir -p /workspace/source\""}

Showing logs for build [32mjstrachan-environment-jstrachan-1[0m stage [32mapp-extension[0m and container [32mstep-place-tools[0m

Showing logs for build [32mjstrachan-environment-jstrachan-1[0m stage [32mapp-extension[0m and container [32mstep-git-source-meta-jstrachan-environment-jstr-c54xr[0m
{"level":"warn","ts":1566998873.6307838,"logger":"fallback-logger","caller":"logging/config.go:69","msg":"Fetch GitHub commit ID from kodata failed: \"ref: refs/heads/master\" is not a valid GitHub commit ID"}
{"level":"info","ts":1566998874.7844608,"logger":"fallback-logger","caller":"git/git.go:102","msg":"Successfully cloned https://github.com/*********/environment-*********-gh12-staging.git @ 9b580fa07babe03faccf6505578ebe169f6e2cdd in path /workspace/source"}

Showing logs for build [32mjstrachan-environment-jstrachan-1[0m stage [32mapp-extension[0m and container [32mstep-git-merge[0m
{"level":"info","msg":"Using SHAs from PULL_REFS=master:9b580fa07babe03faccf6505578ebe169f6e2cdd,9:fbd338e431107c94f82254dac59c9a370e4506fd","time":"2019-08-28T13:27:54Z"}
{"level":"debug","msg":"ran git fetch --unshallow origin fbd338e431107c94f82254dac59c9a370e4506fd: 9b580fa07babe03faccf6505578ebe169f6e2cdd: in ","time":"2019-08-28T13:27:56Z"}
{"level":"debug","msg":"ran git checkout master in ","time":"2019-08-28T13:27:56Z"}
{"level":"debug","msg":"ran git reset --hard 9b580fa07babe03faccf6505578ebe169f6e2cdd in ","time":"2019-08-28T13:27:56Z"}
{"level":"debug","msg":"ran clean --force -d . in ","time":"2019-08-28T13:27:56Z"}
{"level":"debug","msg":"ran git merge fbd338e431107c94f82254dac59c9a370e4506fd in ","time":"2019-08-28T13:27:56Z"}
{"level":"info","msg":"Merged SHA fbd338e431107c94f82254dac59c9a370e4506fd with commit message 'chore: Promote nodey206 to version 0.0.4' into base branch master","time":"2019-08-28T13:27:56Z"}

Showing logs for build [32mjstrachan-environment-jstrachan-1[0m stage [32mapp-extension[0m and container [32mstep-merge-pull-refs[0m
{"level":"debug","msg":"ran git fetch origin fbd338e431107c94f82254dac59c9a370e4506fd: 9b580fa07babe03faccf6505578ebe169f6e2cdd: in ","time":"2019-08-28T13:27:57Z"}
{"level":"debug","msg":"Unshallowed git repo in ","time":"2019-08-28T13:27:57Z"}
{"level":"debug","msg":"ran git checkout master in ","time":"2019-08-28T13:27:57Z"}
{"level":"debug","msg":"ran git reset --hard 9b580fa07babe03faccf6505578ebe169f6e2cdd in ","time":"2019-08-28T13:27:57Z"}
{"level":"debug","msg":"ran clean --force -d . in ","time":"2019-08-28T13:27:57Z"}
{"level":"debug","msg":"ran git merge fbd338e431107c94f82254dac59c9a370e4506fd in ","time":"2019-08-28T13:27:57Z"}
{"level":"info","msg":"Merged SHA fbd338e431107c94f82254dac59c9a370e4506fd with commit message 'chore: Promote nodey206 to version 0.0.4' into base branch master","time":"2019-08-28T13:27:57Z"}

Showing logs for build [32mjstrachan-environment-jstrachan-1[0m stage [32mapp-extension[0m and container [32mstep-create-effective-pipeline[0m
{"level":"info","msg":"Deleting and cloning the Jenkins X versions repo","time":"2019-08-28T13:27:58Z"}
{"level":"info","msg":"Cloning the Jenkins X versions repo https://github.com/jenkins-x/jenkins-x-versions.git with revision v1.0.34 to /builder/home/.**/jenkins-x-versions","time":"2019-08-28T13:27:58Z"}
From https://github.com/jenkins-x/jenkins-x-versions
 * tag               v1.0.34    -> FETCH_HEAD
{"level":"info","msg":"selected pack: /builder/home/.**/draft/packs/github.com/jenkins-x-buildpacks/jenkins-x-kubernetes/packs/environment","time":"2019-08-28T13:28:01Z"}
{"level":"info","msg":"Effective pipeline written to jenkins-x-promotion-build-effective.yml","time":"2019-08-28T13:28:03Z"}

Showing logs for build [32mjstrachan-environment-jstrachan-1[0m stage [32mapp-extension[0m and container [32mstep-create-tekton-crds[0m
{"level":"info","msg":"Deleting and cloning the Jenkins X versions repo","time":"2019-08-28T13:28:04Z"}
{"level":"info","msg":"Cloning the Jenkins X versions repo https://github.com/jenkins-x/jenkins-x-versions.git with revision v1.0.34 to /builder/home/.**/jenkins-x-versions","time":"2019-08-28T13:28:04Z"}
From https://github.com/jenkins-x/jenkins-x-versions
 * tag               v1.0.34    -> FETCH_HEAD
{"level":"info","msg":"PipelineActivity for *********-environment-*********-gh12-staging-PR-9-1","time":"2019-08-28T13:28:07Z"}
{"level":"info","msg":"Applying changes ","time":"2019-08-28T13:28:07Z"}
{"level":"info","msg":"upserted PipelineResource *********-environment-********* for the git repository https://github.com/*********/environment-*********-gh12-staging.git","time":"2019-08-28T13:28:07Z"}
{"level":"info","msg":"upserted Task *********-environment-*********-from-build-pack-1","time":"2019-08-28T13:28:07Z"}
{"level":"info","msg":"upserted Pipeline *********-environment-*********-1","time":"2019-08-28T13:28:07Z"}
{"level":"info","msg":"created PipelineRun *********-environment-*********-1","time":"2019-08-28T13:28:07Z"}
{"level":"info","msg":"created PipelineStructure *********-environment-*********-1","time":"2019-08-28T13:28:07Z"}

Showing logs for build [32mjstrachan-environment-jstrachan-1[0m stage [32mfrom-build-pack[0m and container [32mstep-credential-initializer-tq2nj[0m
{"level":"warn","ts":1566998888.867337,"logger":"fallback-logger","caller":"logging/config.go:69","msg":"Fetch GitHub commit ID from kodata failed: \"ref: refs/heads/master\" is not a valid GitHub commit ID"}
{"level":"info","ts":1566998888.8677857,"logger":"fallback-logger","caller":"creds-init/main.go:40","msg":"Credentials initialized."}

Showing logs for build [32mjstrachan-environment-jstrachan-1[0m stage [32mfrom-build-pack[0m and container [32mstep-working-dir-initializer-tvn9j[0m
{"level":"warn","ts":1566998889.185267,"logger":"fallback-logger","caller":"logging/config.go:69","msg":"Fetch GitHub commit ID from kodata failed: open /var/run/ko/HEAD: no such file or directory"}
{"level":"info","ts":1566998889.1863258,"logger":"fallback-logger","caller":"bash/main.go:65","msg":"Successfully executed command \"mkdir -p /workspace/source /workspace/source/env\""}

Showing logs for build [32mjstrachan-environment-jstrachan-1[0m stage [32mfrom-build-pack[0m and container [32mstep-place-tools[0m

Showing logs for build [32mjstrachan-environment-jstrachan-1[0m stage [32mfrom-build-pack[0m and container [32mstep-git-source-jstrachan-environment-jstrachan-gk5vl[0m
{"level":"warn","ts":1566998894.2243912,"logger":"fallback-logger","caller":"logging/config.go:69","msg":"Fetch GitHub commit ID from kodata failed: \"ref: refs/heads/master\" is not a valid GitHub commit ID"}
{"level":"info","ts":1566998895.3085487,"logger":"fallback-logger","caller":"git/git.go:102","msg":"Successfully cloned https://github.com/*********/environment-*********-gh12-staging.git @ master in path /workspace/source"}

Showing logs for build [32mjstrachan-environment-jstrachan-1[0m stage [32mfrom-build-pack[0m and container [32mstep-git-merge[0m
WARNING: no SHAs to merge, falling back to initial cloned commit

Showing logs for build [32mjstrachan-environment-jstrachan-1[0m stage [32mfrom-build-pack[0m and container [32mstep-build-helm-build[0m
WARNING: No $CHART_REPOSITORY defined so using the default value of: http://jenkins-x-chartmuseum:8080
Adding missing Helm repo: storage.googleapis.com https://storage.googleapis.com/chartmuseum.jenkins-x.io
Successfully added Helm repository storage.googleapis.com.
Adding missing Helm repo: jenkins-x-chartmuseum http://jenkins-x-chartmuseum:8080
Successfully added Helm repository jenkins-x-chartmuseum.
WARNING: No $CHART_REPOSITORY defined so using the default value of: http://jenkins-x-chartmuseum:8080
Adding missing Helm repo: chartmuseum.jenkins-x.io http://chartmuseum.jenkins-x.io
Successfully added Helm repository chartmuseum.jenkins-x.io.
