
Showing logs for build [32mjstrachan-environment-jstrachan-1[0m stage [32mapp-extension[0m and container [32mstep-credential-initializer-hmzk8[0m
{"level":"warn","ts":1567002827.4916997,"logger":"fallback-logger","caller":"logging/config.go:69","msg":"Fetch GitHub commit ID from kodata failed: \"ref: refs/heads/master\" is not a valid GitHub commit ID"}
{"level":"info","ts":1567002827.4949448,"logger":"fallback-logger","caller":"creds-init/main.go:40","msg":"Credentials initialized."}

Showing logs for build [32mjstrachan-environment-jstrachan-1[0m stage [32mapp-extension[0m and container [32mstep-working-dir-initializer-4xk4l[0m
{"level":"warn","ts":1567002828.167941,"logger":"fallback-logger","caller":"logging/config.go:69","msg":"Fetch GitHub commit ID from kodata failed: open /var/run/ko/HEAD: no such file or directory"}
{"level":"info","ts":1567002828.1691363,"logger":"fallback-logger","caller":"bash/main.go:65","msg":"Successfully executed command \"mkdir -p /workspace/source\""}

Showing logs for build [32mjstrachan-environment-jstrachan-1[0m stage [32mapp-extension[0m and container [32mstep-place-tools[0m

Showing logs for build [32mjstrachan-environment-jstrachan-1[0m stage [32mapp-extension[0m and container [32mstep-git-source-meta-jstrachan-environment-jstr-22rd8[0m
{"level":"warn","ts":1567002833.2041736,"logger":"fallback-logger","caller":"logging/config.go:69","msg":"Fetch GitHub commit ID from kodata failed: \"ref: refs/heads/master\" is not a valid GitHub commit ID"}
{"level":"info","ts":1567002834.292387,"logger":"fallback-logger","caller":"git/git.go:102","msg":"Successfully cloned https://github.com/*********/environment-*********-gh12-staging.git @ 7b6db1643dbfa732facaf7a62b8ed662ec66d3ce in path /workspace/source"}

Showing logs for build [32mjstrachan-environment-jstrachan-1[0m stage [32mapp-extension[0m and container [32mstep-git-merge[0m
{"level":"info","msg":"Using SHAs from PULL_REFS=master:7b6db1643dbfa732facaf7a62b8ed662ec66d3ce,17:91bb3c3d107fcb803908a0531e0d148b723b8a26","time":"2019-08-28T14:33:54Z"}
{"level":"debug","msg":"ran git fetch --unshallow origin 91bb3c3d107fcb803908a0531e0d148b723b8a26: 7b6db1643dbfa732facaf7a62b8ed662ec66d3ce: in ","time":"2019-08-28T14:33:55Z"}
{"level":"debug","msg":"ran git checkout master in ","time":"2019-08-28T14:33:55Z"}
{"level":"debug","msg":"ran git reset --hard 7b6db1643dbfa732facaf7a62b8ed662ec66d3ce in ","time":"2019-08-28T14:33:55Z"}
{"level":"debug","msg":"ran clean --force -d . in ","time":"2019-08-28T14:33:55Z"}
{"level":"debug","msg":"ran git merge 91bb3c3d107fcb803908a0531e0d148b723b8a26 in ","time":"2019-08-28T14:33:55Z"}
{"level":"info","msg":"Merged SHA 91bb3c3d107fcb803908a0531e0d148b723b8a26 with commit message 'chore: Promote nodey206 to version 0.0.13' into base branch master","time":"2019-08-28T14:33:55Z"}

Showing logs for build [32mjstrachan-environment-jstrachan-1[0m stage [32mapp-extension[0m and container [32mstep-merge-pull-refs[0m
{"level":"debug","msg":"ran git fetch origin 91bb3c3d107fcb803908a0531e0d148b723b8a26: 7b6db1643dbfa732facaf7a62b8ed662ec66d3ce: in ","time":"2019-08-28T14:33:57Z"}
{"level":"debug","msg":"Unshallowed git repo in ","time":"2019-08-28T14:33:57Z"}
{"level":"debug","msg":"ran git checkout master in ","time":"2019-08-28T14:33:57Z"}
{"level":"debug","msg":"ran git reset --hard 7b6db1643dbfa732facaf7a62b8ed662ec66d3ce in ","time":"2019-08-28T14:33:57Z"}
{"level":"debug","msg":"ran clean --force -d . in ","time":"2019-08-28T14:33:57Z"}
{"level":"debug","msg":"ran git merge 91bb3c3d107fcb803908a0531e0d148b723b8a26 in ","time":"2019-08-28T14:33:57Z"}
{"level":"info","msg":"Merged SHA 91bb3c3d107fcb803908a0531e0d148b723b8a26 with commit message 'chore: Promote nodey206 to version 0.0.13' into base branch master","time":"2019-08-28T14:33:57Z"}

Showing logs for build [32mjstrachan-environment-jstrachan-1[0m stage [32mapp-extension[0m and container [32mstep-create-effective-pipeline[0m
{"level":"info","msg":"Deleting and cloning the Jenkins X versions repo","time":"2019-08-28T14:33:58Z"}
{"level":"info","msg":"Cloning the Jenkins X versions repo https://github.com/jenkins-x/jenkins-x-versions.git with revision v1.0.34 to /builder/home/.**/jenkins-x-versions","time":"2019-08-28T14:33:58Z"}
From https://github.com/jenkins-x/jenkins-x-versions
 * tag               v1.0.34    -> FETCH_HEAD
{"level":"info","msg":"selected pack: /builder/home/.**/draft/packs/github.com/jenkins-x-buildpacks/jenkins-x-kubernetes/packs/environment","time":"2019-08-28T14:34:01Z"}
{"level":"info","msg":"Effective pipeline written to jenkins-x-promotion-build-effective.yml","time":"2019-08-28T14:34:03Z"}

Showing logs for build [32mjstrachan-environment-jstrachan-1[0m stage [32mapp-extension[0m and container [32mstep-create-tekton-crds[0m
{"level":"info","msg":"Deleting and cloning the Jenkins X versions repo","time":"2019-08-28T14:34:04Z"}
{"level":"info","msg":"Cloning the Jenkins X versions repo https://github.com/jenkins-x/jenkins-x-versions.git with revision v1.0.34 to /builder/home/.**/jenkins-x-versions","time":"2019-08-28T14:34:04Z"}
From https://github.com/jenkins-x/jenkins-x-versions
 * tag               v1.0.34    -> FETCH_HEAD
{"level":"info","msg":"PipelineActivity for *********-environment-*********-gh12-staging-PR-17-1","time":"2019-08-28T14:34:07Z"}
{"level":"info","msg":"Applying changes ","time":"2019-08-28T14:34:07Z"}
{"level":"info","msg":"upserted PipelineResource *********-environment-********* for the git repository https://github.com/*********/environment-*********-gh12-staging.git","time":"2019-08-28T14:34:07Z"}
{"level":"info","msg":"upserted Task *********-environment-*********-from-build-pack-1","time":"2019-08-28T14:34:07Z"}
{"level":"info","msg":"upserted Pipeline *********-environment-*********-1","time":"2019-08-28T14:34:07Z"}
{"level":"info","msg":"created PipelineRun *********-environment-*********-1","time":"2019-08-28T14:34:07Z"}
{"level":"info","msg":"created PipelineStructure *********-environment-*********-1","time":"2019-08-28T14:34:07Z"}

Showing logs for build [32mjstrachan-environment-jstrachan-1[0m stage [32mfrom-build-pack[0m and container [32mstep-credential-initializer-xpc2g[0m
{"level":"warn","ts":1567002849.2283509,"logger":"fallback-logger","caller":"logging/config.go:69","msg":"Fetch GitHub commit ID from kodata failed: \"ref: refs/heads/master\" is not a valid GitHub commit ID"}
{"level":"info","ts":1567002849.2290957,"logger":"fallback-logger","caller":"creds-init/main.go:40","msg":"Credentials initialized."}

Showing logs for build [32mjstrachan-environment-jstrachan-1[0m stage [32mfrom-build-pack[0m and container [32mstep-working-dir-initializer-b82z4[0m
{"level":"warn","ts":1567002849.9242752,"logger":"fallback-logger","caller":"logging/config.go:69","msg":"Fetch GitHub commit ID from kodata failed: open /var/run/ko/HEAD: no such file or directory"}
{"level":"info","ts":1567002849.925868,"logger":"fallback-logger","caller":"bash/main.go:65","msg":"Successfully executed command \"mkdir -p /workspace/source /workspace/source/env\""}

Showing logs for build [32mjstrachan-environment-jstrachan-1[0m stage [32mfrom-build-pack[0m and container [32mstep-place-tools[0m

Showing logs for build [32mjstrachan-environment-jstrachan-1[0m stage [32mfrom-build-pack[0m and container [32mstep-git-source-jstrachan-environment-jstrachan-stkj2[0m
{"level":"warn","ts":1567002853.981707,"logger":"fallback-logger","caller":"logging/config.go:69","msg":"Fetch GitHub commit ID from kodata failed: \"ref: refs/heads/master\" is not a valid GitHub commit ID"}
{"level":"info","ts":1567002855.1003366,"logger":"fallback-logger","caller":"git/git.go:102","msg":"Successfully cloned https://github.com/*********/environment-*********-gh12-staging.git @ master in path /workspace/source"}

Showing logs for build [32mjstrachan-environment-jstrachan-1[0m stage [32mfrom-build-pack[0m and container [32mstep-git-merge[0m
WARNING: no SHAs to merge, falling back to initial cloned commit

Showing logs for build [32mjstrachan-environment-jstrachan-1[0m stage [32mfrom-build-pack[0m and container [32mstep-build-helm-build[0m
WARNING: No $CHART_REPOSITORY defined so using the default value of: http://jenkins-x-chartmuseum:8080
Adding missing Helm repo: storage.googleapis.com https://storage.googleapis.com/chartmuseum.jenkins-x.io
Successfully added Helm repository storage.googleapis.com.
Adding missing Helm repo: jenkins-x-chartmuseum http://jenkins-x-chartmuseum:8080
Successfully added Helm repository jenkins-x-chartmuseum.
WARNING: No $CHART_REPOSITORY defined so using the default value of: http://jenkins-x-chartmuseum:8080
Adding missing Helm repo: chartmuseum.jenkins-x.io http://chartmuseum.jenkins-x.io
Successfully added Helm repository chartmuseum.jenkins-x.io.
