
Showing logs for build [32mjstrachan-environment-jstrachan-1[0m stage [32mapp-extension[0m and container [32mstep-credential-initializer-7jljq[0m
{"level":"warn","ts":1566999831.2082977,"logger":"fallback-logger","caller":"logging/config.go:69","msg":"Fetch GitHub commit ID from kodata failed: \"ref: refs/heads/master\" is not a valid GitHub commit ID"}
{"level":"info","ts":1566999831.208721,"logger":"fallback-logger","caller":"creds-init/main.go:40","msg":"Credentials initialized."}

Showing logs for build [32mjstrachan-environment-jstrachan-1[0m stage [32mapp-extension[0m and container [32mstep-working-dir-initializer-chzzm[0m
{"level":"warn","ts":1566999832.3139982,"logger":"fallback-logger","caller":"logging/config.go:69","msg":"Fetch GitHub commit ID from kodata failed: open /var/run/ko/HEAD: no such file or directory"}
{"level":"info","ts":1566999832.3155222,"logger":"fallback-logger","caller":"bash/main.go:65","msg":"Successfully executed command \"mkdir -p /workspace/source\""}

Showing logs for build [32mjstrachan-environment-jstrachan-1[0m stage [32mapp-extension[0m and container [32mstep-place-tools[0m

Showing logs for build [32mjstrachan-environment-jstrachan-1[0m stage [32mapp-extension[0m and container [32mstep-git-source-meta-jstrachan-environment-jstr-wcj59[0m
{"level":"warn","ts":1566999837.3954847,"logger":"fallback-logger","caller":"logging/config.go:69","msg":"Fetch GitHub commit ID from kodata failed: \"ref: refs/heads/master\" is not a valid GitHub commit ID"}
{"level":"info","ts":1566999838.5274293,"logger":"fallback-logger","caller":"git/git.go:102","msg":"Successfully cloned https://github.com/*********/environment-*********-gh12-staging.git @ cd3ced2f9fcaa9fbcc3ca20cb84bbcd170fdf1ca in path /workspace/source"}

Showing logs for build [32mjstrachan-environment-jstrachan-1[0m stage [32mapp-extension[0m and container [32mstep-git-merge[0m
{"level":"info","msg":"Using SHAs from PULL_REFS=master:cd3ced2f9fcaa9fbcc3ca20cb84bbcd170fdf1ca,10:d472813a7cfa7f460c24bdfdd22adc6386da6f13","time":"2019-08-28T13:43:58Z"}
{"level":"debug","msg":"ran git fetch --unshallow origin d472813a7cfa7f460c24bdfdd22adc6386da6f13: cd3ced2f9fcaa9fbcc3ca20cb84bbcd170fdf1ca: in ","time":"2019-08-28T13:44:00Z"}
{"level":"debug","msg":"ran git checkout master in ","time":"2019-08-28T13:44:00Z"}
{"level":"debug","msg":"ran git reset --hard cd3ced2f9fcaa9fbcc3ca20cb84bbcd170fdf1ca in ","time":"2019-08-28T13:44:00Z"}
{"level":"debug","msg":"ran clean --force -d . in ","time":"2019-08-28T13:44:00Z"}
{"level":"debug","msg":"ran git merge d472813a7cfa7f460c24bdfdd22adc6386da6f13 in ","time":"2019-08-28T13:44:00Z"}
{"level":"info","msg":"Merged SHA d472813a7cfa7f460c24bdfdd22adc6386da6f13 with commit message 'chore: Promote nodey206 to version 0.0.5' into base branch master","time":"2019-08-28T13:44:00Z"}

Showing logs for build [32mjstrachan-environment-jstrachan-1[0m stage [32mapp-extension[0m and container [32mstep-merge-pull-refs[0m
{"level":"debug","msg":"ran git fetch origin d472813a7cfa7f460c24bdfdd22adc6386da6f13: cd3ced2f9fcaa9fbcc3ca20cb84bbcd170fdf1ca: in ","time":"2019-08-28T13:44:01Z"}
{"level":"debug","msg":"Unshallowed git repo in ","time":"2019-08-28T13:44:01Z"}
{"level":"debug","msg":"ran git checkout master in ","time":"2019-08-28T13:44:01Z"}
{"level":"debug","msg":"ran git reset --hard cd3ced2f9fcaa9fbcc3ca20cb84bbcd170fdf1ca in ","time":"2019-08-28T13:44:01Z"}
{"level":"debug","msg":"ran clean --force -d . in ","time":"2019-08-28T13:44:01Z"}
{"level":"debug","msg":"ran git merge d472813a7cfa7f460c24bdfdd22adc6386da6f13 in ","time":"2019-08-28T13:44:01Z"}
{"level":"info","msg":"Merged SHA d472813a7cfa7f460c24bdfdd22adc6386da6f13 with commit message 'chore: Promote nodey206 to version 0.0.5' into base branch master","time":"2019-08-28T13:44:01Z"}

Showing logs for build [32mjstrachan-environment-jstrachan-1[0m stage [32mapp-extension[0m and container [32mstep-create-effective-pipeline[0m
{"level":"info","msg":"Deleting and cloning the Jenkins X versions repo","time":"2019-08-28T13:44:02Z"}
{"level":"info","msg":"Cloning the Jenkins X versions repo https://github.com/jenkins-x/jenkins-x-versions.git with revision v1.0.34 to /builder/home/.**/jenkins-x-versions","time":"2019-08-28T13:44:02Z"}
From https://github.com/jenkins-x/jenkins-x-versions
 * tag               v1.0.34    -> FETCH_HEAD
{"level":"info","msg":"selected pack: /builder/home/.**/draft/packs/github.com/jenkins-x-buildpacks/jenkins-x-kubernetes/packs/environment","time":"2019-08-28T13:44:05Z"}
{"level":"info","msg":"Effective pipeline written to jenkins-x-promotion-build-effective.yml","time":"2019-08-28T13:44:08Z"}

Showing logs for build [32mjstrachan-environment-jstrachan-1[0m stage [32mapp-extension[0m and container [32mstep-create-tekton-crds[0m
{"level":"info","msg":"Deleting and cloning the Jenkins X versions repo","time":"2019-08-28T13:44:08Z"}
{"level":"info","msg":"Cloning the Jenkins X versions repo https://github.com/jenkins-x/jenkins-x-versions.git with revision v1.0.34 to /builder/home/.**/jenkins-x-versions","time":"2019-08-28T13:44:08Z"}
From https://github.com/jenkins-x/jenkins-x-versions
 * tag               v1.0.34    -> FETCH_HEAD
{"level":"info","msg":"PipelineActivity for *********-environment-*********-gh12-staging-PR-10-1","time":"2019-08-28T13:44:11Z"}
{"level":"info","msg":"Applying changes ","time":"2019-08-28T13:44:11Z"}
{"level":"info","msg":"upserted PipelineResource *********-environment-********* for the git repository https://github.com/*********/environment-*********-gh12-staging.git","time":"2019-08-28T13:44:11Z"}
{"level":"info","msg":"upserted Task *********-environment-*********-from-build-pack-1","time":"2019-08-28T13:44:11Z"}
{"level":"info","msg":"upserted Pipeline *********-environment-*********-1","time":"2019-08-28T13:44:11Z"}
{"level":"info","msg":"created PipelineRun *********-environment-*********-1","time":"2019-08-28T13:44:11Z"}
{"level":"info","msg":"created PipelineStructure *********-environment-*********-1","time":"2019-08-28T13:44:11Z"}

Showing logs for build [32mjstrachan-environment-jstrachan-1[0m stage [32mfrom-build-pack[0m and container [32mstep-credential-initializer-v27gh[0m
{"level":"warn","ts":1566999852.7779574,"logger":"fallback-logger","caller":"logging/config.go:69","msg":"Fetch GitHub commit ID from kodata failed: \"ref: refs/heads/master\" is not a valid GitHub commit ID"}
{"level":"info","ts":1566999852.7787404,"logger":"fallback-logger","caller":"creds-init/main.go:40","msg":"Credentials initialized."}

Showing logs for build [32mjstrachan-environment-jstrachan-1[0m stage [32mfrom-build-pack[0m and container [32mstep-working-dir-initializer-zhhfs[0m
{"level":"warn","ts":1566999854.0913095,"logger":"fallback-logger","caller":"logging/config.go:69","msg":"Fetch GitHub commit ID from kodata failed: open /var/run/ko/HEAD: no such file or directory"}
{"level":"info","ts":1566999854.0926993,"logger":"fallback-logger","caller":"bash/main.go:65","msg":"Successfully executed command \"mkdir -p /workspace/source /workspace/source/env\""}

Showing logs for build [32mjstrachan-environment-jstrachan-1[0m stage [32mfrom-build-pack[0m and container [32mstep-place-tools[0m

Showing logs for build [32mjstrachan-environment-jstrachan-1[0m stage [32mfrom-build-pack[0m and container [32mstep-git-source-jstrachan-environment-jstrachan-clqjq[0m
{"level":"warn","ts":1566999859.1350193,"logger":"fallback-logger","caller":"logging/config.go:69","msg":"Fetch GitHub commit ID from kodata failed: \"ref: refs/heads/master\" is not a valid GitHub commit ID"}
{"level":"info","ts":1566999860.2914252,"logger":"fallback-logger","caller":"git/git.go:102","msg":"Successfully cloned https://github.com/*********/environment-*********-gh12-staging.git @ master in path /workspace/source"}

Showing logs for build [32mjstrachan-environment-jstrachan-1[0m stage [32mfrom-build-pack[0m and container [32mstep-git-merge[0m
WARNING: no SHAs to merge, falling back to initial cloned commit

Showing logs for build [32mjstrachan-environment-jstrachan-1[0m stage [32mfrom-build-pack[0m and container [32mstep-build-helm-build[0m
WARNING: No $CHART_REPOSITORY defined so using the default value of: http://jenkins-x-chartmuseum:8080
Adding missing Helm repo: storage.googleapis.com https://storage.googleapis.com/chartmuseum.jenkins-x.io
Successfully added Helm repository storage.googleapis.com.
Adding missing Helm repo: jenkins-x-chartmuseum http://jenkins-x-chartmuseum:8080
Successfully added Helm repository jenkins-x-chartmuseum.
WARNING: No $CHART_REPOSITORY defined so using the default value of: http://jenkins-x-chartmuseum:8080
Adding missing Helm repo: chartmuseum.jenkins-x.io http://chartmuseum.jenkins-x.io
Successfully added Helm repository chartmuseum.jenkins-x.io.
